d:\mfea\debug\vc142.pdb
d:\mfea\debug\vc142.idb
d:\mfea\debug\tsp.obj
d:\mfea\debug\sphere.obj
d:\mfea\debug\rastrigin.obj
d:\mfea\debug\problem.obj
d:\mfea\debug\population.obj
d:\mfea\debug\mfea.obj
d:\mfea\debug\matrix.obj
d:\mfea\debug\main.obj
d:\mfea\debug\individual.obj
d:\mfea\debug\ackley.obj
d:\mfea\debug\mfea.pdb
d:\mfea\debug\mfea.tlog\cl.command.1.tlog
d:\mfea\debug\mfea.tlog\cl.read.1.tlog
d:\mfea\debug\mfea.tlog\cl.write.1.tlog
d:\mfea\debug\mfea.tlog\link-cvtres.read.1.tlog
d:\mfea\debug\mfea.tlog\link-cvtres.write.1.tlog
d:\mfea\debug\mfea.tlog\link-rc.read.1.tlog
d:\mfea\debug\mfea.tlog\link-rc.write.1.tlog
d:\mfea\debug\mfea.tlog\link.command.1.tlog
d:\mfea\debug\mfea.tlog\link.read.1.tlog
d:\mfea\debug\mfea.tlog\link.write.1.tlog
